[2023-06-11 23:14:52,480] {taskinstance.py:1159} INFO - Dependencies all met for <TaskInstance: project_dag.bouches_du_rhone_source_to_raw scheduled__2023-06-10T00:00:00+00:00 [queued]>
[2023-06-11 23:14:52,483] {taskinstance.py:1159} INFO - Dependencies all met for <TaskInstance: project_dag.bouches_du_rhone_source_to_raw scheduled__2023-06-10T00:00:00+00:00 [queued]>
[2023-06-11 23:14:52,483] {taskinstance.py:1356} INFO - 
--------------------------------------------------------------------------------
[2023-06-11 23:14:52,483] {taskinstance.py:1357} INFO - Starting attempt 1 of 2
[2023-06-11 23:14:52,483] {taskinstance.py:1358} INFO - 
--------------------------------------------------------------------------------
[2023-06-11 23:14:52,489] {taskinstance.py:1377} INFO - Executing <Task(PythonOperator): bouches_du_rhone_source_to_raw> on 2023-06-10 00:00:00+00:00
[2023-06-11 23:14:52,500] {standard_task_runner.py:52} INFO - Started process 50741 to run task
[2023-06-11 23:14:52,505] {standard_task_runner.py:79} INFO - Running: ['airflow', 'tasks', 'run', 'project_dag', 'bouches_du_rhone_source_to_raw', 'scheduled__2023-06-10T00:00:00+00:00', '--job-id', '5', '--raw', '--subdir', 'DAGS_FOLDER/project_dag.py', '--cfg-path', '/var/folders/ml/jkdq955x7ws9dj1yh9qrx3w40000gn/T/tmp2xrlbpx6', '--error-file', '/var/folders/ml/jkdq955x7ws9dj1yh9qrx3w40000gn/T/tmpp9u80g8q']
[2023-06-11 23:14:52,506] {standard_task_runner.py:80} INFO - Job 5: Subtask bouches_du_rhone_source_to_raw
[2023-06-11 23:14:52,537] {task_command.py:369} INFO - Running <TaskInstance: project_dag.bouches_du_rhone_source_to_raw scheduled__2023-06-10T00:00:00+00:00 [running]> on host macbook-pro-de-yuki.home
[2023-06-11 23:14:52,563] {taskinstance.py:1569} INFO - Exporting the following env vars:
AIRFLOW_CTX_DAG_EMAIL=airflow@example.com
AIRFLOW_CTX_DAG_OWNER=airflow
AIRFLOW_CTX_DAG_ID=project_dag
AIRFLOW_CTX_TASK_ID=bouches_du_rhone_source_to_raw
AIRFLOW_CTX_EXECUTION_DATE=2023-06-10T00:00:00+00:00
AIRFLOW_CTX_TRY_NUMBER=1
AIRFLOW_CTX_DAG_RUN_ID=scheduled__2023-06-10T00:00:00+00:00
[2023-06-11 23:14:52,667] {data_fetcher_bdr_13.py:38} INFO - Écriture ici : /Users/yuki/airflow/project/raw/data_bouches_du_rhone_13/election_pres_2022/20230611
[2023-06-11 23:14:52,669] {python.py:173} INFO - Done. Returned value was: None
[2023-06-11 23:14:52,676] {taskinstance.py:1395} INFO - Marking task as SUCCESS. dag_id=project_dag, task_id=bouches_du_rhone_source_to_raw, execution_date=20230610T000000, start_date=20230611T211452, end_date=20230611T211452
[2023-06-11 23:14:52,694] {local_task_job.py:156} INFO - Task exited with return code 0
[2023-06-11 23:14:52,712] {local_task_job.py:273} INFO - 1 downstream tasks scheduled from follow-on schedule check
