[2023-06-11 23:35:23,147] {taskinstance.py:1159} INFO - Dependencies all met for <TaskInstance: project_dag.bouches_du_rhone_raw_to_formatted manual__2023-06-11T21:34:55.160590+00:00 [queued]>
[2023-06-11 23:35:23,150] {taskinstance.py:1159} INFO - Dependencies all met for <TaskInstance: project_dag.bouches_du_rhone_raw_to_formatted manual__2023-06-11T21:34:55.160590+00:00 [queued]>
[2023-06-11 23:35:23,150] {taskinstance.py:1356} INFO - 
--------------------------------------------------------------------------------
[2023-06-11 23:35:23,150] {taskinstance.py:1357} INFO - Starting attempt 1 of 2
[2023-06-11 23:35:23,150] {taskinstance.py:1358} INFO - 
--------------------------------------------------------------------------------
[2023-06-11 23:35:23,155] {taskinstance.py:1377} INFO - Executing <Task(PythonOperator): bouches_du_rhone_raw_to_formatted> on 2023-06-11 21:34:55.160590+00:00
[2023-06-11 23:35:23,160] {standard_task_runner.py:52} INFO - Started process 53050 to run task
[2023-06-11 23:35:23,163] {standard_task_runner.py:79} INFO - Running: ['airflow', 'tasks', 'run', 'project_dag', 'bouches_du_rhone_raw_to_formatted', 'manual__2023-06-11T21:34:55.160590+00:00', '--job-id', '21', '--raw', '--subdir', 'DAGS_FOLDER/project_dag.py', '--cfg-path', '/var/folders/ml/jkdq955x7ws9dj1yh9qrx3w40000gn/T/tmpz2yx9l4w', '--error-file', '/var/folders/ml/jkdq955x7ws9dj1yh9qrx3w40000gn/T/tmpj0zs78_b']
[2023-06-11 23:35:23,164] {standard_task_runner.py:80} INFO - Job 21: Subtask bouches_du_rhone_raw_to_formatted
[2023-06-11 23:35:23,195] {task_command.py:369} INFO - Running <TaskInstance: project_dag.bouches_du_rhone_raw_to_formatted manual__2023-06-11T21:34:55.160590+00:00 [running]> on host macbook-pro-de-yuki.home
[2023-06-11 23:35:23,217] {taskinstance.py:1569} INFO - Exporting the following env vars:
AIRFLOW_CTX_DAG_EMAIL=airflow@example.com
AIRFLOW_CTX_DAG_OWNER=airflow
AIRFLOW_CTX_DAG_ID=project_dag
AIRFLOW_CTX_TASK_ID=bouches_du_rhone_raw_to_formatted
AIRFLOW_CTX_EXECUTION_DATE=2023-06-11T21:34:55.160590+00:00
AIRFLOW_CTX_TRY_NUMBER=1
AIRFLOW_CTX_DAG_RUN_ID=manual__2023-06-11T21:34:55.160590+00:00
[2023-06-11 23:35:23,228] {python.py:173} INFO - Done. Returned value was: None
[2023-06-11 23:35:23,231] {taskinstance.py:1395} INFO - Marking task as SUCCESS. dag_id=project_dag, task_id=bouches_du_rhone_raw_to_formatted, execution_date=20230611T213455, start_date=20230611T213523, end_date=20230611T213523
[2023-06-11 23:35:23,269] {local_task_job.py:156} INFO - Task exited with return code 0
[2023-06-11 23:35:23,282] {local_task_job.py:273} INFO - 0 downstream tasks scheduled from follow-on schedule check
