[2023-06-11 23:15:27,847] {taskinstance.py:1159} INFO - Dependencies all met for <TaskInstance: project_dag.bouches_du_rhone_raw_to_formatted scheduled__2023-06-10T00:00:00+00:00 [queued]>
[2023-06-11 23:15:27,850] {taskinstance.py:1159} INFO - Dependencies all met for <TaskInstance: project_dag.bouches_du_rhone_raw_to_formatted scheduled__2023-06-10T00:00:00+00:00 [queued]>
[2023-06-11 23:15:27,850] {taskinstance.py:1356} INFO - 
--------------------------------------------------------------------------------
[2023-06-11 23:15:27,850] {taskinstance.py:1357} INFO - Starting attempt 1 of 2
[2023-06-11 23:15:27,850] {taskinstance.py:1358} INFO - 
--------------------------------------------------------------------------------
[2023-06-11 23:15:27,856] {taskinstance.py:1377} INFO - Executing <Task(PythonOperator): bouches_du_rhone_raw_to_formatted> on 2023-06-10 00:00:00+00:00
[2023-06-11 23:15:27,862] {standard_task_runner.py:52} INFO - Started process 50797 to run task
[2023-06-11 23:15:27,866] {standard_task_runner.py:79} INFO - Running: ['airflow', 'tasks', 'run', 'project_dag', 'bouches_du_rhone_raw_to_formatted', 'scheduled__2023-06-10T00:00:00+00:00', '--job-id', '9', '--raw', '--subdir', 'DAGS_FOLDER/project_dag.py', '--cfg-path', '/var/folders/ml/jkdq955x7ws9dj1yh9qrx3w40000gn/T/tmpesv7t_4k', '--error-file', '/var/folders/ml/jkdq955x7ws9dj1yh9qrx3w40000gn/T/tmptjn69j87']
[2023-06-11 23:15:27,867] {standard_task_runner.py:80} INFO - Job 9: Subtask bouches_du_rhone_raw_to_formatted
[2023-06-11 23:15:27,898] {task_command.py:369} INFO - Running <TaskInstance: project_dag.bouches_du_rhone_raw_to_formatted scheduled__2023-06-10T00:00:00+00:00 [running]> on host macbook-pro-de-yuki.home
[2023-06-11 23:15:27,918] {taskinstance.py:1569} INFO - Exporting the following env vars:
AIRFLOW_CTX_DAG_EMAIL=airflow@example.com
AIRFLOW_CTX_DAG_OWNER=airflow
AIRFLOW_CTX_DAG_ID=project_dag
AIRFLOW_CTX_TASK_ID=bouches_du_rhone_raw_to_formatted
AIRFLOW_CTX_EXECUTION_DATE=2023-06-10T00:00:00+00:00
AIRFLOW_CTX_TRY_NUMBER=1
AIRFLOW_CTX_DAG_RUN_ID=scheduled__2023-06-10T00:00:00+00:00
[2023-06-11 23:15:27,928] {python.py:173} INFO - Done. Returned value was: None
[2023-06-11 23:15:27,931] {taskinstance.py:1395} INFO - Marking task as SUCCESS. dag_id=project_dag, task_id=bouches_du_rhone_raw_to_formatted, execution_date=20230610T000000, start_date=20230611T211527, end_date=20230611T211527
[2023-06-11 23:15:27,967] {local_task_job.py:156} INFO - Task exited with return code 0
[2023-06-11 23:15:27,980] {local_task_job.py:273} INFO - 0 downstream tasks scheduled from follow-on schedule check
