[2023-06-11 23:16:22,643] {taskinstance.py:1159} INFO - Dependencies all met for <TaskInstance: project_dag.index_to_elastic scheduled__2023-06-10T00:00:00+00:00 [queued]>
[2023-06-11 23:16:22,646] {taskinstance.py:1159} INFO - Dependencies all met for <TaskInstance: project_dag.index_to_elastic scheduled__2023-06-10T00:00:00+00:00 [queued]>
[2023-06-11 23:16:22,646] {taskinstance.py:1356} INFO - 
--------------------------------------------------------------------------------
[2023-06-11 23:16:22,646] {taskinstance.py:1357} INFO - Starting attempt 1 of 2
[2023-06-11 23:16:22,646] {taskinstance.py:1358} INFO - 
--------------------------------------------------------------------------------
[2023-06-11 23:16:22,651] {taskinstance.py:1377} INFO - Executing <Task(PythonOperator): index_to_elastic> on 2023-06-10 00:00:00+00:00
[2023-06-11 23:16:22,656] {standard_task_runner.py:52} INFO - Started process 50882 to run task
[2023-06-11 23:16:22,659] {standard_task_runner.py:79} INFO - Running: ['airflow', 'tasks', 'run', 'project_dag', 'index_to_elastic', 'scheduled__2023-06-10T00:00:00+00:00', '--job-id', '15', '--raw', '--subdir', 'DAGS_FOLDER/project_dag.py', '--cfg-path', '/var/folders/ml/jkdq955x7ws9dj1yh9qrx3w40000gn/T/tmp_61rrbh3', '--error-file', '/var/folders/ml/jkdq955x7ws9dj1yh9qrx3w40000gn/T/tmp8_lhdq7e']
[2023-06-11 23:16:22,660] {standard_task_runner.py:80} INFO - Job 15: Subtask index_to_elastic
[2023-06-11 23:16:22,689] {task_command.py:369} INFO - Running <TaskInstance: project_dag.index_to_elastic scheduled__2023-06-10T00:00:00+00:00 [running]> on host macbook-pro-de-yuki.home
[2023-06-11 23:16:22,713] {taskinstance.py:1569} INFO - Exporting the following env vars:
AIRFLOW_CTX_DAG_EMAIL=airflow@example.com
AIRFLOW_CTX_DAG_OWNER=airflow
AIRFLOW_CTX_DAG_ID=project_dag
AIRFLOW_CTX_TASK_ID=index_to_elastic
AIRFLOW_CTX_EXECUTION_DATE=2023-06-10T00:00:00+00:00
AIRFLOW_CTX_TRY_NUMBER=1
AIRFLOW_CTX_DAG_RUN_ID=scheduled__2023-06-10T00:00:00+00:00
[2023-06-11 23:16:22,714] {logging_mixin.py:115} INFO - index
[2023-06-11 23:16:22,714] {python.py:173} INFO - Done. Returned value was: None
[2023-06-11 23:16:22,718] {taskinstance.py:1395} INFO - Marking task as SUCCESS. dag_id=project_dag, task_id=index_to_elastic, execution_date=20230610T000000, start_date=20230611T211622, end_date=20230611T211622
[2023-06-11 23:16:22,766] {local_task_job.py:156} INFO - Task exited with return code 0
[2023-06-11 23:16:22,776] {local_task_job.py:273} INFO - 0 downstream tasks scheduled from follow-on schedule check
