[2023-06-11 23:40:33,646] {taskinstance.py:1159} INFO - Dependencies all met for <TaskInstance: project_dag.bouches_du_rhone_source_to_raw manual__2023-06-11T21:40:24.811373+00:00 [queued]>
[2023-06-11 23:40:33,649] {taskinstance.py:1159} INFO - Dependencies all met for <TaskInstance: project_dag.bouches_du_rhone_source_to_raw manual__2023-06-11T21:40:24.811373+00:00 [queued]>
[2023-06-11 23:40:33,649] {taskinstance.py:1356} INFO - 
--------------------------------------------------------------------------------
[2023-06-11 23:40:33,649] {taskinstance.py:1357} INFO - Starting attempt 1 of 2
[2023-06-11 23:40:33,649] {taskinstance.py:1358} INFO - 
--------------------------------------------------------------------------------
[2023-06-11 23:40:33,653] {taskinstance.py:1377} INFO - Executing <Task(PythonOperator): bouches_du_rhone_source_to_raw> on 2023-06-11 21:40:24.811373+00:00
[2023-06-11 23:40:33,659] {standard_task_runner.py:52} INFO - Started process 53685 to run task
[2023-06-11 23:40:33,662] {standard_task_runner.py:79} INFO - Running: ['airflow', 'tasks', 'run', 'project_dag', 'bouches_du_rhone_source_to_raw', 'manual__2023-06-11T21:40:24.811373+00:00', '--job-id', '31', '--raw', '--subdir', 'DAGS_FOLDER/project_dag.py', '--cfg-path', '/var/folders/ml/jkdq955x7ws9dj1yh9qrx3w40000gn/T/tmp6o7e7vtk', '--error-file', '/var/folders/ml/jkdq955x7ws9dj1yh9qrx3w40000gn/T/tmpj4m7gbpf']
[2023-06-11 23:40:33,663] {standard_task_runner.py:80} INFO - Job 31: Subtask bouches_du_rhone_source_to_raw
[2023-06-11 23:40:33,694] {task_command.py:369} INFO - Running <TaskInstance: project_dag.bouches_du_rhone_source_to_raw manual__2023-06-11T21:40:24.811373+00:00 [running]> on host macbook-pro-de-yuki.home
[2023-06-11 23:40:33,717] {taskinstance.py:1569} INFO - Exporting the following env vars:
AIRFLOW_CTX_DAG_EMAIL=airflow@example.com
AIRFLOW_CTX_DAG_OWNER=airflow
AIRFLOW_CTX_DAG_ID=project_dag
AIRFLOW_CTX_TASK_ID=bouches_du_rhone_source_to_raw
AIRFLOW_CTX_EXECUTION_DATE=2023-06-11T21:40:24.811373+00:00
AIRFLOW_CTX_TRY_NUMBER=1
AIRFLOW_CTX_DAG_RUN_ID=manual__2023-06-11T21:40:24.811373+00:00
[2023-06-11 23:40:33,871] {data_fetcher_bdr_13.py:38} INFO - Écriture ici : /Users/yuki/airflow/project/raw/data_bouches_du_rhone_13/election_pres_2022/20230611
[2023-06-11 23:40:33,877] {python.py:173} INFO - Done. Returned value was: None
[2023-06-11 23:40:33,885] {taskinstance.py:1395} INFO - Marking task as SUCCESS. dag_id=project_dag, task_id=bouches_du_rhone_source_to_raw, execution_date=20230611T214024, start_date=20230611T214033, end_date=20230611T214033
[2023-06-11 23:40:33,902] {local_task_job.py:156} INFO - Task exited with return code 0
[2023-06-11 23:40:33,922] {local_task_job.py:273} INFO - 1 downstream tasks scheduled from follow-on schedule check
