[2023-06-11 23:15:35,877] {taskinstance.py:1159} INFO - Dependencies all met for <TaskInstance: project_dag.nord_raw_to_formatted scheduled__2023-06-10T00:00:00+00:00 [queued]>
[2023-06-11 23:15:35,880] {taskinstance.py:1159} INFO - Dependencies all met for <TaskInstance: project_dag.nord_raw_to_formatted scheduled__2023-06-10T00:00:00+00:00 [queued]>
[2023-06-11 23:15:35,880] {taskinstance.py:1356} INFO - 
--------------------------------------------------------------------------------
[2023-06-11 23:15:35,880] {taskinstance.py:1357} INFO - Starting attempt 1 of 2
[2023-06-11 23:15:35,880] {taskinstance.py:1358} INFO - 
--------------------------------------------------------------------------------
[2023-06-11 23:15:35,885] {taskinstance.py:1377} INFO - Executing <Task(PythonOperator): nord_raw_to_formatted> on 2023-06-10 00:00:00+00:00
[2023-06-11 23:15:35,892] {standard_task_runner.py:52} INFO - Started process 50809 to run task
[2023-06-11 23:15:35,896] {standard_task_runner.py:79} INFO - Running: ['airflow', 'tasks', 'run', 'project_dag', 'nord_raw_to_formatted', 'scheduled__2023-06-10T00:00:00+00:00', '--job-id', '10', '--raw', '--subdir', 'DAGS_FOLDER/project_dag.py', '--cfg-path', '/var/folders/ml/jkdq955x7ws9dj1yh9qrx3w40000gn/T/tmptmi9tl6x', '--error-file', '/var/folders/ml/jkdq955x7ws9dj1yh9qrx3w40000gn/T/tmpud_u5l74']
[2023-06-11 23:15:35,896] {standard_task_runner.py:80} INFO - Job 10: Subtask nord_raw_to_formatted
[2023-06-11 23:15:35,921] {task_command.py:369} INFO - Running <TaskInstance: project_dag.nord_raw_to_formatted scheduled__2023-06-10T00:00:00+00:00 [running]> on host macbook-pro-de-yuki.home
[2023-06-11 23:15:35,940] {taskinstance.py:1569} INFO - Exporting the following env vars:
AIRFLOW_CTX_DAG_EMAIL=airflow@example.com
AIRFLOW_CTX_DAG_OWNER=airflow
AIRFLOW_CTX_DAG_ID=project_dag
AIRFLOW_CTX_TASK_ID=nord_raw_to_formatted
AIRFLOW_CTX_EXECUTION_DATE=2023-06-10T00:00:00+00:00
AIRFLOW_CTX_TRY_NUMBER=1
AIRFLOW_CTX_DAG_RUN_ID=scheduled__2023-06-10T00:00:00+00:00
[2023-06-11 23:15:35,950] {python.py:173} INFO - Done. Returned value was: None
[2023-06-11 23:15:35,953] {taskinstance.py:1395} INFO - Marking task as SUCCESS. dag_id=project_dag, task_id=nord_raw_to_formatted, execution_date=20230610T000000, start_date=20230611T211535, end_date=20230611T211535
[2023-06-11 23:15:35,997] {local_task_job.py:156} INFO - Task exited with return code 0
[2023-06-11 23:15:36,012] {local_task_job.py:273} INFO - 1 downstream tasks scheduled from follow-on schedule check
